15/04/21 14:24:17 INFO fs.TrashPolicyDefault: Namenode trash configuration: Deletion interval = 0 minutes, Emptier interval = 0 minutes.
Deleted out/stream-py-0-googlebooks-eng-all-5gram-20120701-th
3650 593
py googlebooks-eng-all-5gram-20120701-th mapper.py reducer.py
hadoop jar /usr/lib/hadoop-mapreduce/hadoop-streaming.jar -Dmapreduce.job.name=py-3650-593-googlebooks-eng-all-5gram-20120701-th -Dmapreduce.job.maps=3650 -Dmapreduce.job.reduces=593 -Dmapreduce.map.java.opts=-Xmx12000M -Dmapreduce.reduce.java.opts=-Xmx12000M  -files ./mapper.py,./reducer.py -combiner ./reducer.py -mapper ./mapper.py -reducer ./reducer.py -input ./data/googletxt/googlebooks-eng-all-5gram-20120701-th -output ./out/stream-py-0-googlebooks-eng-all-5gram-20120701-th
packageJobJar: [] [/usr/lib/hadoop-mapreduce/hadoop-streaming-2.3.0-cdh5.1.0.jar] /tmp/streamjob1309821657832999246.jar tmpDir=null
15/04/21 14:24:20 INFO client.RMProxy: Connecting to ResourceManager at name.rustler.tacc.utexas.edu/129.114.57.132:8032
15/04/21 14:24:20 INFO client.RMProxy: Connecting to ResourceManager at name.rustler.tacc.utexas.edu/129.114.57.132:8032
15/04/21 14:24:20 INFO mapred.FileInputFormat: Total input paths to process : 1
15/04/21 14:24:21 INFO net.NetworkTopology: Adding a new node: /default-rack/129.114.57.143:50010
15/04/21 14:24:21 INFO net.NetworkTopology: Adding a new node: /default-rack/129.114.57.184:50010
15/04/21 14:24:21 INFO net.NetworkTopology: Adding a new node: /default-rack/129.114.57.163:50010
15/04/21 14:24:21 INFO net.NetworkTopology: Adding a new node: /default-rack/129.114.57.171:50010
15/04/21 14:24:21 INFO net.NetworkTopology: Adding a new node: /default-rack/129.114.57.195:50010
15/04/21 14:24:21 INFO net.NetworkTopology: Adding a new node: /default-rack/129.114.57.141:50010
15/04/21 14:24:21 INFO net.NetworkTopology: Adding a new node: /default-rack/129.114.57.162:50010
15/04/21 14:24:21 INFO net.NetworkTopology: Adding a new node: /default-rack/129.114.57.169:50010
15/04/21 14:24:21 INFO net.NetworkTopology: Adding a new node: /default-rack/129.114.57.140:50010
15/04/21 14:24:21 INFO net.NetworkTopology: Adding a new node: /default-rack/129.114.57.147:50010
15/04/21 14:24:21 INFO net.NetworkTopology: Adding a new node: /default-rack/129.114.57.160:50010
15/04/21 14:24:21 INFO net.NetworkTopology: Adding a new node: /default-rack/129.114.57.189:50010
15/04/21 14:24:21 INFO net.NetworkTopology: Adding a new node: /default-rack/129.114.57.181:50010
15/04/21 14:24:21 INFO net.NetworkTopology: Adding a new node: /default-rack/129.114.57.196:50010
15/04/21 14:24:21 INFO net.NetworkTopology: Adding a new node: /default-rack/129.114.57.165:50010
15/04/21 14:24:21 INFO net.NetworkTopology: Adding a new node: /default-rack/129.114.57.191:50010
15/04/21 14:24:21 INFO net.NetworkTopology: Adding a new node: /default-rack/129.114.57.190:50010
15/04/21 14:24:21 INFO net.NetworkTopology: Adding a new node: /default-rack/129.114.57.175:50010
15/04/21 14:24:21 INFO net.NetworkTopology: Adding a new node: /default-rack/129.114.57.197:50010
15/04/21 14:24:21 INFO net.NetworkTopology: Adding a new node: /default-rack/129.114.57.144:50010
15/04/21 14:24:21 INFO net.NetworkTopology: Adding a new node: /default-rack/129.114.57.200:50010
15/04/21 14:24:21 INFO net.NetworkTopology: Adding a new node: /default-rack/129.114.57.177:50010
15/04/21 14:24:21 INFO net.NetworkTopology: Adding a new node: /default-rack/129.114.57.186:50010
15/04/21 14:24:21 INFO net.NetworkTopology: Adding a new node: /default-rack/129.114.57.176:50010
15/04/21 14:24:21 INFO net.NetworkTopology: Adding a new node: /default-rack/129.114.57.173:50010
15/04/21 14:24:21 INFO net.NetworkTopology: Adding a new node: /default-rack/129.114.57.183:50010
15/04/21 14:24:21 INFO net.NetworkTopology: Adding a new node: /default-rack/129.114.57.192:50010
15/04/21 14:24:21 INFO net.NetworkTopology: Adding a new node: /default-rack/129.114.57.194:50010
15/04/21 14:24:21 INFO net.NetworkTopology: Adding a new node: /default-rack/129.114.57.164:50010
15/04/21 14:24:21 INFO net.NetworkTopology: Adding a new node: /default-rack/129.114.57.178:50010
15/04/21 14:24:21 INFO net.NetworkTopology: Adding a new node: /default-rack/129.114.57.180:50010
15/04/21 14:24:21 INFO net.NetworkTopology: Adding a new node: /default-rack/129.114.57.193:50010
15/04/21 14:24:21 INFO net.NetworkTopology: Adding a new node: /default-rack/129.114.57.198:50010
15/04/21 14:24:21 INFO net.NetworkTopology: Adding a new node: /default-rack/129.114.57.179:50010
15/04/21 14:24:21 INFO net.NetworkTopology: Adding a new node: /default-rack/129.114.57.182:50010
15/04/21 14:24:21 INFO net.NetworkTopology: Adding a new node: /default-rack/129.114.57.188:50010
15/04/21 14:24:21 INFO net.NetworkTopology: Adding a new node: /default-rack/129.114.57.199:50010
15/04/21 14:24:21 INFO net.NetworkTopology: Adding a new node: /default-rack/129.114.57.202:50010
15/04/21 14:24:21 INFO net.NetworkTopology: Adding a new node: /default-rack/129.114.57.149:50010
15/04/21 14:24:21 INFO net.NetworkTopology: Adding a new node: /default-rack/129.114.57.174:50010
15/04/21 14:24:21 INFO net.NetworkTopology: Adding a new node: /default-rack/129.114.57.168:50010
15/04/21 14:24:21 INFO net.NetworkTopology: Adding a new node: /default-rack/129.114.57.172:50010
15/04/21 14:24:21 INFO net.NetworkTopology: Adding a new node: /default-rack/129.114.57.187:50010
15/04/21 14:24:21 INFO net.NetworkTopology: Adding a new node: /default-rack/129.114.57.203:50010
15/04/21 14:24:22 INFO mapreduce.JobSubmitter: number of splits:3650
15/04/21 14:24:22 INFO mapreduce.JobSubmitter: Submitting tokens for job: job_1422482982071_5961
15/04/21 14:24:22 INFO impl.YarnClientImpl: Submitted application application_1422482982071_5961
15/04/21 14:24:22 INFO mapreduce.Job: The url to track the job: http://name.rustler.tacc.utexas.edu:8088/proxy/application_1422482982071_5961/
15/04/21 14:24:22 INFO mapreduce.Job: Running job: job_1422482982071_5961
15/04/21 14:24:27 INFO mapreduce.Job: Job job_1422482982071_5961 running in uber mode : false
15/04/21 14:24:27 INFO mapreduce.Job:  map 0% reduce 0%
15/04/21 14:24:39 INFO mapreduce.Job:  map 1% reduce 0%
15/04/21 14:24:41 INFO mapreduce.Job:  map 2% reduce 0%
15/04/21 14:24:42 INFO mapreduce.Job:  map 3% reduce 0%
15/04/21 14:24:44 INFO mapreduce.Job:  map 4% reduce 0%
15/04/21 14:24:46 INFO mapreduce.Job:  map 5% reduce 0%
15/04/21 14:24:47 INFO mapreduce.Job:  map 6% reduce 0%
15/04/21 14:24:48 INFO mapreduce.Job:  map 7% reduce 0%
15/04/21 14:24:50 INFO mapreduce.Job:  map 8% reduce 0%
15/04/21 14:24:52 INFO mapreduce.Job:  map 9% reduce 0%
15/04/21 14:24:55 INFO mapreduce.Job:  map 10% reduce 0%
15/04/21 14:25:03 INFO mapreduce.Job:  map 11% reduce 0%
15/04/21 14:25:30 INFO mapreduce.Job:  map 12% reduce 0%
15/04/21 14:25:34 INFO mapreduce.Job:  map 13% reduce 0%
15/04/21 14:25:37 INFO mapreduce.Job:  map 14% reduce 0%
15/04/21 14:25:40 INFO mapreduce.Job:  map 15% reduce 0%
15/04/21 14:25:42 INFO mapreduce.Job:  map 16% reduce 0%
15/04/21 14:25:43 INFO mapreduce.Job:  map 17% reduce 0%
15/04/21 14:25:45 INFO mapreduce.Job:  map 18% reduce 0%
15/04/21 14:25:47 INFO mapreduce.Job:  map 19% reduce 0%
15/04/21 14:25:49 INFO mapreduce.Job:  map 20% reduce 0%
15/04/21 14:25:52 INFO mapreduce.Job:  map 21% reduce 0%
15/04/21 14:25:54 INFO mapreduce.Job:  map 22% reduce 0%
15/04/21 14:25:57 INFO mapreduce.Job:  map 23% reduce 0%
15/04/21 14:25:59 INFO mapreduce.Job:  map 23% reduce 1%
15/04/21 14:26:00 INFO mapreduce.Job:  map 24% reduce 1%
15/04/21 14:26:05 INFO mapreduce.Job:  map 25% reduce 1%
15/04/21 14:26:25 INFO mapreduce.Job:  map 26% reduce 1%
15/04/21 14:26:34 INFO mapreduce.Job:  map 27% reduce 1%
15/04/21 14:26:39 INFO mapreduce.Job:  map 28% reduce 1%
15/04/21 14:26:43 INFO mapreduce.Job:  map 29% reduce 1%
15/04/21 14:26:46 INFO mapreduce.Job:  map 30% reduce 1%
15/04/21 14:26:50 INFO mapreduce.Job:  map 31% reduce 1%
15/04/21 14:26:53 INFO mapreduce.Job:  map 32% reduce 1%
15/04/21 14:26:56 INFO mapreduce.Job:  map 33% reduce 1%
15/04/21 14:26:59 INFO mapreduce.Job:  map 34% reduce 2%
15/04/21 14:27:03 INFO mapreduce.Job:  map 35% reduce 2%
15/04/21 14:27:08 INFO mapreduce.Job:  map 36% reduce 2%
15/04/21 14:27:14 INFO mapreduce.Job:  map 37% reduce 2%
15/04/21 14:27:23 INFO mapreduce.Job:  map 38% reduce 2%
15/04/21 14:27:32 INFO mapreduce.Job:  map 39% reduce 2%
15/04/21 14:27:40 INFO mapreduce.Job:  map 40% reduce 2%
15/04/21 14:27:45 INFO mapreduce.Job:  map 41% reduce 2%
15/04/21 14:27:46 INFO mapreduce.Job:  map 41% reduce 3%
15/04/21 14:27:50 INFO mapreduce.Job:  map 42% reduce 3%
15/04/21 14:27:54 INFO mapreduce.Job:  map 43% reduce 3%
15/04/21 14:27:59 INFO mapreduce.Job:  map 44% reduce 3%
15/04/21 14:28:03 INFO mapreduce.Job:  map 45% reduce 3%
15/04/21 14:28:09 INFO mapreduce.Job:  map 46% reduce 3%
15/04/21 14:28:11 INFO mapreduce.Job:  map 46% reduce 4%
15/04/21 14:28:15 INFO mapreduce.Job:  map 47% reduce 4%
15/04/21 14:28:21 INFO mapreduce.Job:  map 48% reduce 4%
15/04/21 14:28:30 INFO mapreduce.Job:  map 49% reduce 4%
15/04/21 14:28:37 INFO mapreduce.Job:  map 50% reduce 4%
15/04/21 14:28:44 INFO mapreduce.Job:  map 51% reduce 4%
15/04/21 14:28:46 INFO mapreduce.Job:  map 51% reduce 5%
15/04/21 14:28:51 INFO mapreduce.Job:  map 52% reduce 5%
15/04/21 14:28:57 INFO mapreduce.Job:  map 53% reduce 5%
15/04/21 14:29:02 INFO mapreduce.Job:  map 54% reduce 5%
15/04/21 14:29:09 INFO mapreduce.Job:  map 55% reduce 5%
15/04/21 14:29:12 INFO mapreduce.Job:  map 55% reduce 6%
15/04/21 14:29:15 INFO mapreduce.Job:  map 56% reduce 6%
15/04/21 14:29:22 INFO mapreduce.Job:  map 57% reduce 6%
15/04/21 14:29:28 INFO mapreduce.Job:  map 58% reduce 6%
15/04/21 14:29:35 INFO mapreduce.Job:  map 59% reduce 6%
15/04/21 14:29:43 INFO mapreduce.Job:  map 60% reduce 6%
15/04/21 14:29:49 INFO mapreduce.Job:  map 61% reduce 6%
15/04/21 14:29:56 INFO mapreduce.Job:  map 62% reduce 6%
15/04/21 14:29:57 INFO mapreduce.Job:  map 62% reduce 7%
15/04/21 14:30:03 INFO mapreduce.Job:  map 63% reduce 7%
15/04/21 14:30:10 INFO mapreduce.Job:  map 64% reduce 7%
15/04/21 14:30:15 INFO mapreduce.Job:  map 65% reduce 7%
15/04/21 14:30:23 INFO mapreduce.Job:  map 66% reduce 7%
15/04/21 14:30:30 INFO mapreduce.Job:  map 67% reduce 7%
15/04/21 14:30:37 INFO mapreduce.Job:  map 68% reduce 7%
15/04/21 14:30:44 INFO mapreduce.Job:  map 69% reduce 7%
15/04/21 14:30:50 INFO mapreduce.Job:  map 70% reduce 7%
15/04/21 14:30:57 INFO mapreduce.Job:  map 71% reduce 8%
15/04/21 14:31:05 INFO mapreduce.Job:  map 72% reduce 8%
15/04/21 14:31:11 INFO mapreduce.Job:  map 73% reduce 8%
15/04/21 14:31:17 INFO mapreduce.Job:  map 74% reduce 8%
15/04/21 14:31:24 INFO mapreduce.Job:  map 75% reduce 8%
15/04/21 14:31:30 INFO mapreduce.Job:  map 76% reduce 8%
15/04/21 14:31:36 INFO mapreduce.Job:  map 77% reduce 8%
15/04/21 14:31:43 INFO mapreduce.Job:  map 78% reduce 8%
15/04/21 14:31:51 INFO mapreduce.Job:  map 79% reduce 8%
15/04/21 14:31:56 INFO mapreduce.Job:  map 79% reduce 9%
15/04/21 14:31:58 INFO mapreduce.Job:  map 80% reduce 9%
15/04/21 14:32:05 INFO mapreduce.Job:  map 81% reduce 9%
15/04/21 14:32:12 INFO mapreduce.Job:  map 82% reduce 9%
15/04/21 14:32:18 INFO mapreduce.Job:  map 83% reduce 9%
15/04/21 14:32:25 INFO mapreduce.Job:  map 84% reduce 9%
15/04/21 14:32:31 INFO mapreduce.Job:  map 85% reduce 9%
15/04/21 14:32:38 INFO mapreduce.Job:  map 86% reduce 9%
15/04/21 14:32:45 INFO mapreduce.Job:  map 87% reduce 9%
15/04/21 14:32:52 INFO mapreduce.Job:  map 88% reduce 9%
15/04/21 14:32:55 INFO mapreduce.Job:  map 88% reduce 10%
15/04/21 14:32:59 INFO mapreduce.Job:  map 89% reduce 10%
15/04/21 14:33:05 INFO mapreduce.Job:  map 90% reduce 10%
15/04/21 14:33:12 INFO mapreduce.Job:  map 91% reduce 10%
15/04/21 14:33:18 INFO mapreduce.Job:  map 92% reduce 10%
15/04/21 14:33:24 INFO mapreduce.Job:  map 93% reduce 10%
15/04/21 14:33:31 INFO mapreduce.Job:  map 94% reduce 10%
15/04/21 14:33:38 INFO mapreduce.Job:  map 95% reduce 10%
15/04/21 14:33:45 INFO mapreduce.Job:  map 96% reduce 10%
15/04/21 14:33:52 INFO mapreduce.Job:  map 97% reduce 10%
15/04/21 14:33:53 INFO mapreduce.Job:  map 97% reduce 11%
15/04/21 14:33:59 INFO mapreduce.Job:  map 98% reduce 11%
15/04/21 14:34:05 INFO mapreduce.Job:  map 98% reduce 12%
15/04/21 14:34:11 INFO mapreduce.Job:  map 98% reduce 13%
15/04/21 14:34:12 INFO mapreduce.Job:  map 99% reduce 13%
15/04/21 14:34:17 INFO mapreduce.Job:  map 99% reduce 14%
15/04/21 14:34:19 INFO mapreduce.Job:  map 99% reduce 15%
15/04/21 14:34:24 INFO mapreduce.Job:  map 99% reduce 16%
15/04/21 14:34:29 INFO mapreduce.Job:  map 99% reduce 17%
15/04/21 14:34:34 INFO mapreduce.Job:  map 100% reduce 18%
15/04/21 14:34:37 INFO mapreduce.Job:  map 100% reduce 19%
15/04/21 14:34:43 INFO mapreduce.Job:  map 100% reduce 20%
15/04/21 14:34:53 INFO mapreduce.Job:  map 100% reduce 21%
15/04/21 14:35:01 INFO mapreduce.Job:  map 100% reduce 26%
15/04/21 14:35:02 INFO mapreduce.Job:  map 100% reduce 38%
15/04/21 14:35:03 INFO mapreduce.Job:  map 100% reduce 59%
15/04/21 14:35:04 INFO mapreduce.Job:  map 100% reduce 64%
15/04/21 14:35:05 INFO mapreduce.Job:  map 100% reduce 65%
15/04/21 14:35:07 INFO mapreduce.Job:  map 100% reduce 68%
15/04/21 14:35:08 INFO mapreduce.Job:  map 100% reduce 74%
15/04/21 14:35:09 INFO mapreduce.Job:  map 100% reduce 97%
15/04/21 14:35:10 INFO mapreduce.Job:  map 100% reduce 100%
15/04/21 14:35:18 INFO mapreduce.Job: Job job_1422482982071_5961 completed successfully
15/04/21 14:35:18 INFO mapreduce.Job: Counters: 50
	File System Counters
		FILE: Number of bytes read=1309299737
		FILE: Number of bytes written=3087833176
		FILE: Number of read operations=0
		FILE: Number of large read operations=0
		FILE: Number of write operations=0
		HDFS: Number of bytes read=306151972264
		HDFS: Number of bytes written=14645142
		HDFS: Number of read operations=12729
		HDFS: Number of large read operations=0
		HDFS: Number of write operations=1186
	Job Counters 
		Launched map tasks=3650
		Launched reduce tasks=593
		Data-local map tasks=2929
		Rack-local map tasks=721
		Total time spent by all maps in occupied slots (ms)=424115550
		Total time spent by all reduces in occupied slots (ms)=212500228
		Total time spent by all map tasks (ms)=212057775
		Total time spent by all reduce tasks (ms)=106250114
		Total vcore-seconds taken by all map tasks=212057775
		Total vcore-seconds taken by all reduce tasks=106250114
		Total megabyte-seconds taken by all map tasks=1716819746400
		Total megabyte-seconds taken by all reduce tasks=1275001368000
	Map-Reduce Framework
		Map input records=6699266723
		Map output records=53594133784
		Map output bytes=413330882214
		Map output materialized bytes=1322282879
		Input split bytes=576700
		Combine input records=53594133784
		Combine output records=83523705
		Reduce input groups=976835
		Reduce shuffle bytes=1322282879
		Reduce input records=83523705
		Reduce output records=976835
		Spilled Records=167047410
		Shuffled Maps =2164450
		Failed Shuffles=0
		Merged Map outputs=2164450
		GC time elapsed (ms)=2644537
		CPU time spent (ms)=140799980
		Physical memory (bytes) snapshot=7227712450560
		Virtual memory (bytes) snapshot=41426706292736
		Total committed heap usage (bytes)=11357422845952
	Shuffle Errors
		BAD_ID=0
		CONNECTION=0
		IO_ERROR=0
		WRONG_LENGTH=0
		WRONG_MAP=0
		WRONG_REDUCE=0
	File Input Format Counters 
		Bytes Read=306151395564
	File Output Format Counters 
		Bytes Written=14645142
15/04/21 14:35:18 INFO streaming.StreamJob: Output directory: ./out/stream-py-0-googlebooks-eng-all-5gram-20120701-th

real	11m4.589s
user	0m17.828s
sys	0m1.207s
15/04/21 14:35:21 INFO fs.TrashPolicyDefault: Namenode trash configuration: Deletion interval = 0 minutes, Emptier interval = 0 minutes.
Deleted out/stream-r-0-googlebooks-eng-all-5gram-20120701-th
3650 593
r googlebooks-eng-all-5gram-20120701-th mapper.R reducer.R
hadoop jar /usr/lib/hadoop-mapreduce/hadoop-streaming.jar -Dmapreduce.job.name=r-3650-593-googlebooks-eng-all-5gram-20120701-th -Dmapreduce.job.maps=3650 -Dmapreduce.job.reduces=593 -Dmapreduce.map.java.opts=-Xmx12000M -Dmapreduce.reduce.java.opts=-Xmx12000M  -files ./mapper.R,./reducer.R -combiner ./reducer.R -mapper ./mapper.R -reducer ./reducer.R -input ./data/googletxt/googlebooks-eng-all-5gram-20120701-th -output ./out/stream-r-0-googlebooks-eng-all-5gram-20120701-th
packageJobJar: [] [/usr/lib/hadoop-mapreduce/hadoop-streaming-2.3.0-cdh5.1.0.jar] /tmp/streamjob4970847216034802911.jar tmpDir=null
15/04/21 14:35:24 INFO client.RMProxy: Connecting to ResourceManager at name.rustler.tacc.utexas.edu/129.114.57.132:8032
15/04/21 14:35:24 INFO client.RMProxy: Connecting to ResourceManager at name.rustler.tacc.utexas.edu/129.114.57.132:8032
15/04/21 14:35:24 INFO mapred.FileInputFormat: Total input paths to process : 1
15/04/21 14:35:25 INFO net.NetworkTopology: Adding a new node: /default-rack/129.114.57.143:50010
15/04/21 14:35:25 INFO net.NetworkTopology: Adding a new node: /default-rack/129.114.57.184:50010
15/04/21 14:35:25 INFO net.NetworkTopology: Adding a new node: /default-rack/129.114.57.163:50010
15/04/21 14:35:25 INFO net.NetworkTopology: Adding a new node: /default-rack/129.114.57.171:50010
15/04/21 14:35:25 INFO net.NetworkTopology: Adding a new node: /default-rack/129.114.57.195:50010
15/04/21 14:35:25 INFO net.NetworkTopology: Adding a new node: /default-rack/129.114.57.141:50010
15/04/21 14:35:25 INFO net.NetworkTopology: Adding a new node: /default-rack/129.114.57.162:50010
15/04/21 14:35:25 INFO net.NetworkTopology: Adding a new node: /default-rack/129.114.57.169:50010
15/04/21 14:35:25 INFO net.NetworkTopology: Adding a new node: /default-rack/129.114.57.140:50010
15/04/21 14:35:25 INFO net.NetworkTopology: Adding a new node: /default-rack/129.114.57.147:50010
15/04/21 14:35:25 INFO net.NetworkTopology: Adding a new node: /default-rack/129.114.57.160:50010
15/04/21 14:35:25 INFO net.NetworkTopology: Adding a new node: /default-rack/129.114.57.189:50010
15/04/21 14:35:25 INFO net.NetworkTopology: Adding a new node: /default-rack/129.114.57.181:50010
15/04/21 14:35:25 INFO net.NetworkTopology: Adding a new node: /default-rack/129.114.57.196:50010
15/04/21 14:35:25 INFO net.NetworkTopology: Adding a new node: /default-rack/129.114.57.165:50010
15/04/21 14:35:25 INFO net.NetworkTopology: Adding a new node: /default-rack/129.114.57.191:50010
15/04/21 14:35:25 INFO net.NetworkTopology: Adding a new node: /default-rack/129.114.57.190:50010
15/04/21 14:35:25 INFO net.NetworkTopology: Adding a new node: /default-rack/129.114.57.175:50010
15/04/21 14:35:25 INFO net.NetworkTopology: Adding a new node: /default-rack/129.114.57.197:50010
15/04/21 14:35:25 INFO net.NetworkTopology: Adding a new node: /default-rack/129.114.57.144:50010
15/04/21 14:35:25 INFO net.NetworkTopology: Adding a new node: /default-rack/129.114.57.200:50010
15/04/21 14:35:25 INFO net.NetworkTopology: Adding a new node: /default-rack/129.114.57.177:50010
15/04/21 14:35:25 INFO net.NetworkTopology: Adding a new node: /default-rack/129.114.57.186:50010
15/04/21 14:35:25 INFO net.NetworkTopology: Adding a new node: /default-rack/129.114.57.176:50010
15/04/21 14:35:25 INFO net.NetworkTopology: Adding a new node: /default-rack/129.114.57.173:50010
15/04/21 14:35:25 INFO net.NetworkTopology: Adding a new node: /default-rack/129.114.57.183:50010
15/04/21 14:35:25 INFO net.NetworkTopology: Adding a new node: /default-rack/129.114.57.192:50010
15/04/21 14:35:25 INFO net.NetworkTopology: Adding a new node: /default-rack/129.114.57.194:50010
15/04/21 14:35:25 INFO net.NetworkTopology: Adding a new node: /default-rack/129.114.57.164:50010
15/04/21 14:35:25 INFO net.NetworkTopology: Adding a new node: /default-rack/129.114.57.178:50010
15/04/21 14:35:25 INFO net.NetworkTopology: Adding a new node: /default-rack/129.114.57.180:50010
15/04/21 14:35:25 INFO net.NetworkTopology: Adding a new node: /default-rack/129.114.57.193:50010
15/04/21 14:35:25 INFO net.NetworkTopology: Adding a new node: /default-rack/129.114.57.198:50010
15/04/21 14:35:25 INFO net.NetworkTopology: Adding a new node: /default-rack/129.114.57.179:50010
15/04/21 14:35:25 INFO net.NetworkTopology: Adding a new node: /default-rack/129.114.57.182:50010
15/04/21 14:35:25 INFO net.NetworkTopology: Adding a new node: /default-rack/129.114.57.188:50010
15/04/21 14:35:25 INFO net.NetworkTopology: Adding a new node: /default-rack/129.114.57.199:50010
15/04/21 14:35:25 INFO net.NetworkTopology: Adding a new node: /default-rack/129.114.57.202:50010
15/04/21 14:35:25 INFO net.NetworkTopology: Adding a new node: /default-rack/129.114.57.149:50010
15/04/21 14:35:25 INFO net.NetworkTopology: Adding a new node: /default-rack/129.114.57.174:50010
15/04/21 14:35:25 INFO net.NetworkTopology: Adding a new node: /default-rack/129.114.57.168:50010
15/04/21 14:35:25 INFO net.NetworkTopology: Adding a new node: /default-rack/129.114.57.172:50010
15/04/21 14:35:25 INFO net.NetworkTopology: Adding a new node: /default-rack/129.114.57.187:50010
15/04/21 14:35:25 INFO net.NetworkTopology: Adding a new node: /default-rack/129.114.57.203:50010
15/04/21 14:35:26 INFO mapreduce.JobSubmitter: number of splits:3650
15/04/21 14:35:26 INFO mapreduce.JobSubmitter: Submitting tokens for job: job_1422482982071_5962
15/04/21 14:35:27 INFO impl.YarnClientImpl: Submitted application application_1422482982071_5962
15/04/21 14:35:27 INFO mapreduce.Job: The url to track the job: http://name.rustler.tacc.utexas.edu:8088/proxy/application_1422482982071_5962/
15/04/21 14:35:27 INFO mapreduce.Job: Running job: job_1422482982071_5962
15/04/21 14:35:32 INFO mapreduce.Job: Job job_1422482982071_5962 running in uber mode : false
15/04/21 14:35:32 INFO mapreduce.Job:  map 0% reduce 0%
15/04/21 14:35:53 INFO mapreduce.Job:  map 1% reduce 0%
15/04/21 14:36:13 INFO mapreduce.Job:  map 2% reduce 0%
15/04/21 14:36:32 INFO mapreduce.Job:  map 3% reduce 0%
15/04/21 14:36:50 INFO mapreduce.Job:  map 4% reduce 0%
15/04/21 14:37:08 INFO mapreduce.Job:  map 5% reduce 0%
15/04/21 14:37:27 INFO mapreduce.Job:  map 6% reduce 0%
15/04/21 14:37:45 INFO mapreduce.Job:  map 7% reduce 0%
15/04/21 14:38:03 INFO mapreduce.Job:  map 8% reduce 0%
15/04/21 14:38:24 INFO mapreduce.Job:  map 9% reduce 0%
15/04/21 14:38:47 INFO mapreduce.Job:  map 10% reduce 0%
15/04/21 14:39:31 INFO mapreduce.Job:  map 11% reduce 0%
15/04/21 14:41:10 INFO mapreduce.Job:  map 12% reduce 0%
15/04/21 14:41:30 INFO mapreduce.Job:  map 13% reduce 0%
15/04/21 14:41:45 INFO mapreduce.Job:  map 14% reduce 0%
15/04/21 14:42:02 INFO mapreduce.Job:  map 15% reduce 0%
15/04/21 14:42:16 INFO mapreduce.Job:  map 16% reduce 0%
15/04/21 14:42:29 INFO mapreduce.Job:  map 17% reduce 0%
15/04/21 14:42:43 INFO mapreduce.Job:  map 18% reduce 0%
15/04/21 14:42:57 INFO mapreduce.Job:  map 19% reduce 0%
15/04/21 14:43:13 INFO mapreduce.Job:  map 20% reduce 0%
15/04/21 14:43:22 INFO mapreduce.Job:  map 20% reduce 1%
15/04/21 14:43:29 INFO mapreduce.Job:  map 21% reduce 1%
15/04/21 14:43:47 INFO mapreduce.Job:  map 22% reduce 1%
15/04/21 14:44:06 INFO mapreduce.Job:  map 23% reduce 1%
15/04/21 14:44:28 INFO mapreduce.Job:  map 24% reduce 1%
15/04/21 14:44:52 INFO mapreduce.Job:  map 25% reduce 1%
15/04/21 14:45:23 INFO mapreduce.Job:  map 26% reduce 1%
15/04/21 14:46:03 INFO mapreduce.Job:  map 27% reduce 1%
15/04/21 14:46:38 INFO mapreduce.Job:  map 28% reduce 1%
15/04/21 14:47:09 INFO mapreduce.Job:  map 29% reduce 1%
15/04/21 14:47:32 INFO mapreduce.Job:  map 30% reduce 1%
15/04/21 14:47:50 INFO mapreduce.Job:  map 31% reduce 1%
15/04/21 14:48:06 INFO mapreduce.Job:  map 31% reduce 2%
15/04/21 14:48:11 INFO mapreduce.Job:  map 32% reduce 2%
15/04/21 14:48:30 INFO mapreduce.Job:  map 33% reduce 2%
15/04/21 14:48:47 INFO mapreduce.Job:  map 34% reduce 2%
15/04/21 14:49:05 INFO mapreduce.Job:  map 35% reduce 2%
15/04/21 14:49:22 INFO mapreduce.Job:  map 36% reduce 2%
15/04/21 14:49:40 INFO mapreduce.Job:  map 37% reduce 2%
15/04/21 14:49:48 INFO mapreduce.Job:  map 37% reduce 3%
15/04/21 14:49:59 INFO mapreduce.Job:  map 38% reduce 3%
15/04/21 14:50:22 INFO mapreduce.Job:  map 39% reduce 3%
15/04/21 14:50:49 INFO mapreduce.Job:  map 40% reduce 3%
15/04/21 14:51:20 INFO mapreduce.Job:  map 41% reduce 3%
15/04/21 14:51:59 INFO mapreduce.Job:  map 42% reduce 3%
15/04/21 14:52:36 INFO mapreduce.Job:  map 43% reduce 3%
15/04/21 14:52:56 INFO mapreduce.Job:  map 43% reduce 4%
15/04/21 14:53:05 INFO mapreduce.Job:  map 44% reduce 4%
15/04/21 14:53:31 INFO mapreduce.Job:  map 45% reduce 4%
15/04/21 14:53:56 INFO mapreduce.Job:  map 46% reduce 4%
15/04/21 14:54:21 INFO mapreduce.Job:  map 47% reduce 4%
15/04/21 14:54:24 INFO mapreduce.Job:  map 47% reduce 5%
15/04/21 14:54:45 INFO mapreduce.Job:  map 48% reduce 5%
15/04/21 14:55:06 INFO mapreduce.Job:  map 49% reduce 5%
15/04/21 14:55:30 INFO mapreduce.Job:  map 50% reduce 5%
15/04/21 14:55:53 INFO mapreduce.Job:  map 50% reduce 6%
15/04/21 14:55:56 INFO mapreduce.Job:  map 51% reduce 6%
15/04/21 14:56:26 INFO mapreduce.Job:  map 52% reduce 6%
15/04/21 14:57:03 INFO mapreduce.Job:  map 53% reduce 6%
15/04/21 14:57:46 INFO mapreduce.Job:  map 54% reduce 6%
15/04/21 14:58:24 INFO mapreduce.Job:  map 55% reduce 6%
15/04/21 14:58:41 INFO mapreduce.Job:  map 55% reduce 7%
15/04/21 14:59:01 INFO mapreduce.Job:  map 56% reduce 7%
15/04/21 14:59:32 INFO mapreduce.Job:  map 57% reduce 7%
15/04/21 15:00:00 INFO mapreduce.Job:  map 58% reduce 7%
15/04/21 15:00:27 INFO mapreduce.Job:  map 59% reduce 7%
15/04/21 15:00:38 INFO mapreduce.Job:  map 59% reduce 8%
15/04/21 15:00:55 INFO mapreduce.Job:  map 60% reduce 8%
15/04/21 15:01:23 INFO mapreduce.Job:  map 61% reduce 8%
15/04/21 15:01:54 INFO mapreduce.Job:  map 62% reduce 8%
15/04/21 15:02:30 INFO mapreduce.Job:  map 63% reduce 8%
15/04/21 15:03:12 INFO mapreduce.Job:  map 64% reduce 8%
15/04/21 15:03:54 INFO mapreduce.Job:  map 65% reduce 8%
15/04/21 15:04:39 INFO mapreduce.Job:  map 66% reduce 8%
15/04/21 15:05:07 INFO mapreduce.Job:  map 66% reduce 9%
15/04/21 15:05:24 INFO mapreduce.Job:  map 67% reduce 9%
15/04/21 15:06:12 INFO mapreduce.Job:  map 68% reduce 9%
15/04/21 15:06:58 INFO mapreduce.Job:  map 69% reduce 9%
15/04/21 15:07:36 INFO mapreduce.Job:  map 70% reduce 9%
15/04/21 15:08:18 INFO mapreduce.Job:  map 71% reduce 9%
15/04/21 15:09:04 INFO mapreduce.Job:  map 72% reduce 9%
15/04/21 15:10:08 INFO mapreduce.Job:  map 73% reduce 9%
15/04/21 15:10:17 INFO mapreduce.Job:  map 73% reduce 10%
15/04/21 15:11:13 INFO mapreduce.Job:  map 74% reduce 10%
15/04/21 15:12:02 INFO mapreduce.Job:  map 75% reduce 10%
15/04/21 15:12:47 INFO mapreduce.Job:  map 76% reduce 10%
15/04/21 15:13:28 INFO mapreduce.Job:  map 77% reduce 10%
15/04/21 15:14:11 INFO mapreduce.Job:  map 78% reduce 10%
15/04/21 15:15:06 INFO mapreduce.Job:  map 79% reduce 10%
15/04/21 15:16:08 INFO mapreduce.Job:  map 80% reduce 10%
15/04/21 15:16:21 INFO mapreduce.Job:  map 80% reduce 11%
15/04/21 15:17:04 INFO mapreduce.Job:  map 81% reduce 11%
15/04/21 15:17:53 INFO mapreduce.Job:  map 82% reduce 11%
15/04/21 15:18:34 INFO mapreduce.Job:  map 83% reduce 11%
15/04/21 15:19:18 INFO mapreduce.Job:  map 84% reduce 11%
15/04/21 15:20:09 INFO mapreduce.Job:  map 85% reduce 11%
15/04/21 15:21:04 INFO mapreduce.Job:  map 86% reduce 11%
15/04/21 15:22:04 INFO mapreduce.Job:  map 87% reduce 11%
15/04/21 15:22:25 INFO mapreduce.Job:  map 87% reduce 12%
15/04/21 15:22:54 INFO mapreduce.Job:  map 88% reduce 12%
15/04/21 15:23:40 INFO mapreduce.Job:  map 89% reduce 12%
15/04/21 15:24:22 INFO mapreduce.Job:  map 90% reduce 12%
15/04/21 15:25:12 INFO mapreduce.Job:  map 91% reduce 12%
15/04/21 15:26:04 INFO mapreduce.Job:  map 92% reduce 12%
15/04/21 15:27:04 INFO mapreduce.Job:  map 93% reduce 12%
15/04/21 15:27:59 INFO mapreduce.Job:  map 94% reduce 12%
15/04/21 15:28:18 INFO mapreduce.Job:  map 94% reduce 13%
15/04/21 15:28:44 INFO mapreduce.Job:  map 95% reduce 13%
15/04/21 15:29:27 INFO mapreduce.Job:  map 96% reduce 13%
15/04/21 15:30:11 INFO mapreduce.Job:  map 97% reduce 13%
15/04/21 15:30:30 INFO mapreduce.Job:  map 97% reduce 14%
15/04/21 15:30:54 INFO mapreduce.Job:  map 97% reduce 15%
15/04/21 15:31:05 INFO mapreduce.Job:  map 98% reduce 15%
15/04/21 15:31:08 INFO mapreduce.Job:  map 98% reduce 16%
15/04/21 15:31:23 INFO mapreduce.Job:  map 98% reduce 17%
15/04/21 15:31:40 INFO mapreduce.Job:  map 98% reduce 18%
15/04/21 15:32:00 INFO mapreduce.Job:  map 98% reduce 19%
15/04/21 15:32:28 INFO mapreduce.Job:  map 99% reduce 19%
15/04/21 15:32:31 INFO mapreduce.Job:  map 99% reduce 20%
15/04/21 15:33:06 INFO mapreduce.Job:  map 99% reduce 21%
15/04/21 15:33:51 INFO mapreduce.Job:  map 99% reduce 22%
15/04/21 15:34:19 INFO mapreduce.Job:  map 99% reduce 23%
15/04/21 15:34:44 INFO mapreduce.Job:  map 99% reduce 24%
15/04/21 15:35:18 INFO mapreduce.Job:  map 99% reduce 25%
15/04/21 15:35:20 INFO mapreduce.Job:  map 100% reduce 25%
15/04/21 15:35:36 INFO mapreduce.Job:  map 100% reduce 26%
15/04/21 15:36:01 INFO mapreduce.Job:  map 100% reduce 27%
15/04/21 15:36:33 INFO mapreduce.Job:  map 100% reduce 28%
15/04/21 15:37:20 INFO mapreduce.Job:  map 100% reduce 29%
15/04/21 15:37:21 INFO mapreduce.Job:  map 100% reduce 38%
15/04/21 15:37:22 INFO mapreduce.Job:  map 100% reduce 52%
15/04/21 15:37:23 INFO mapreduce.Job:  map 100% reduce 70%
15/04/21 15:37:24 INFO mapreduce.Job:  map 100% reduce 80%
15/04/21 15:37:25 INFO mapreduce.Job:  map 100% reduce 85%
15/04/21 15:37:29 INFO mapreduce.Job:  map 100% reduce 89%
15/04/21 15:37:30 INFO mapreduce.Job:  map 100% reduce 96%
15/04/21 15:37:31 INFO mapreduce.Job:  map 100% reduce 99%
15/04/21 15:37:32 INFO mapreduce.Job:  map 100% reduce 100%
15/04/21 15:37:38 INFO mapreduce.Job: Job job_1422482982071_5962 completed successfully
15/04/21 15:37:38 INFO mapreduce.Job: Counters: 51
	File System Counters
		FILE: Number of bytes read=1361748826
		FILE: Number of bytes written=3192676195
		FILE: Number of read operations=0
		FILE: Number of large read operations=0
		FILE: Number of write operations=0
		HDFS: Number of bytes read=306151972264
		HDFS: Number of bytes written=15968668
		HDFS: Number of read operations=12729
		HDFS: Number of large read operations=0
		HDFS: Number of write operations=1186
	Job Counters 
		Killed map tasks=1
		Launched map tasks=3651
		Launched reduce tasks=593
		Data-local map tasks=2933
		Rack-local map tasks=718
		Total time spent by all maps in occupied slots (ms)=2512379294
		Total time spent by all reduces in occupied slots (ms)=1560513102
		Total time spent by all map tasks (ms)=1256189647
		Total time spent by all reduce tasks (ms)=780256551
		Total vcore-seconds taken by all map tasks=1256189647
		Total vcore-seconds taken by all reduce tasks=780256551
		Total megabyte-seconds taken by all map tasks=10170111382112
		Total megabyte-seconds taken by all reduce tasks=9363078612000
	Map-Reduce Framework
		Map input records=6699266723
		Map output records=33496333615
		Map output bytes=373135281876
		Map output materialized bytes=1374731968
		Input split bytes=576700
		Combine input records=33496333615
		Combine output records=78939122
		Reduce input groups=963424
		Reduce shuffle bytes=1374731968
		Reduce input records=78939122
		Reduce output records=963424
		Spilled Records=157878244
		Shuffled Maps =2164450
		Failed Shuffles=0
		Merged Map outputs=2164450
		GC time elapsed (ms)=3999038
		CPU time spent (ms)=1050528120
		Physical memory (bytes) snapshot=7229116514304
		Virtual memory (bytes) snapshot=41427087122432
		Total committed heap usage (bytes)=11357741613056
	Shuffle Errors
		BAD_ID=0
		CONNECTION=0
		IO_ERROR=0
		WRONG_LENGTH=0
		WRONG_MAP=0
		WRONG_REDUCE=0
	File Input Format Counters 
		Bytes Read=306151395564
	File Output Format Counters 
		Bytes Written=15968668
15/04/21 15:37:38 INFO streaming.StreamJob: Output directory: ./out/stream-r-0-googlebooks-eng-all-5gram-20120701-th

real	62m19.898s
user	0m29.661s
sys	0m2.984s
